1.489057563355756998e+09
1.489057563378405094e+09
1.489057563400717974e+09
1.489057563420727015e+09
1.489057563440758944e+09
1.489057563466510057e+09
1.489057563488539934e+09
1.489057563516822100e+09
1.489057563538985968e+09
1.489057563567069054e+09
1.489057563589001894e+09
1.489057563617249012e+09
1.489057563639426947e+09
1.489057563667505026e+09
1.489057563689656973e+09
1.489057563717539072e+09
1.489057563739861012e+09
1.489057563767952919e+09
1.489057563789953947e+09
1.489057563818118095e+09
1.489057563840301991e+09
1.489057563868396997e+09
1.489057563890602112e+09
1.489057563918566942e+09
1.489057563940730095e+09
1.489057563968605042e+09
1.489057563990827084e+09
1.489057564019239902e+09
1.489057564042077065e+09
1.489057564071508884e+09
1.489057564093955994e+09
1.489057564119438887e+09
1.489057564141732931e+09
1.489057564169625998e+09
1.489057564191875935e+09
1.489057564219896078e+09
1.489057564242304087e+09
1.489057564270242929e+09
1.489057564292510986e+09
1.489057564320476055e+09
1.489057564342384100e+09
1.489057564370521069e+09
1.489057564392271996e+09
1.489057564420320988e+09
1.489057564442485094e+09
1.489057564470537901e+09
1.489057564492651939e+09
1.489057564520665884e+09
1.489057564542967081e+09
1.489057564570835114e+09
1.489057564593199015e+09
1.489057564621093035e+09
1.489057564643440962e+09
1.489057564671324015e+09
1.489057564693643093e+09
1.489057564722439051e+09
1.489057564745026112e+09
1.489057564772675991e+09
1.489057564795310020e+09
1.489057564822964907e+09
1.489057564845334053e+09
1.489057564873105049e+09
1.489057564895766973e+09
1.489057564923204899e+09
1.489057564945832014e+09
1.489057564973445892e+09
1.489057564996059895e+09
1.489057565023673058e+09
1.489057565046410084e+09
1.489057565073901892e+09
1.489057565096611977e+09
1.489057565124145985e+09
1.489057565146955967e+09
1.489057565174318075e+09
1.489057565197187901e+09
1.489057565224570990e+09
1.489057565247389078e+09
1.489057565274967909e+09
1.489057565297489882e+09
1.489057565325031996e+09
1.489057565347745895e+09
1.489057565375101089e+09
1.489057565397950888e+09
1.489057565425538063e+09
1.489057565448311090e+09
1.489057565475713968e+09
1.489057565498574018e+09
1.489057565525959969e+09
1.489057565548928022e+09
1.489057565576132059e+09
1.489057565598964930e+09
1.489057565626544952e+09
1.489057565649183035e+09
1.489057565676676035e+09
1.489057565699357033e+09
1.489057565726794004e+09
1.489057565749416113e+09
1.489057565777388096e+09
1.489057565799691916e+09
1.489057565827287912e+09
1.489057565850646973e+09
1.489057565877470016e+09
1.489057565900073051e+09
1.489057565927653074e+09
1.489057565950335026e+09
1.489057565978233099e+09
1.489057566000766993e+09
1.489057566028243065e+09
1.489057566050986052e+09
1.489057566078567028e+09
1.489057566101144075e+09
1.489057566128520966e+09
1.489057566151421070e+09
1.489057566178994894e+09
1.489057566201519012e+09
1.489057566229151964e+09
1.489057566251868010e+09
1.489057566279242992e+09
1.489057566301877022e+09
1.489057566329483032e+09
1.489057566352169037e+09
1.489057566379683971e+09
1.489057566402332067e+09
1.489057566429924965e+09
1.489057566452575922e+09
1.489057566480128050e+09
1.489057566502784967e+09
1.489057566530370951e+09
1.489057566552886009e+09
1.489057566580590010e+09
1.489057566603049994e+09
1.489057566630786896e+09
1.489057566653430939e+09
1.489057566680885077e+09
1.489057566703511000e+09
1.489057566731268883e+09
1.489057566753784895e+09
1.489057566781399965e+09
1.489057566803980112e+09
1.489057566831675053e+09
1.489057566854327917e+09
1.489057566882028103e+09
1.489057566904292107e+09
1.489057566931905985e+09
1.489057566954571962e+09
1.489057566982451916e+09
1.489057567005184889e+09
1.489057567032505989e+09
1.489057567055150032e+09
1.489057567082679987e+09
1.489057567105313063e+09
1.489057567133004904e+09
1.489057567155520916e+09
1.489057567183170080e+09
1.489057567205575943e+09
1.489057567233563900e+09
1.489057567255955935e+09
1.489057567283756018e+09
1.489057567306457996e+09
1.489057567333962917e+09
1.489057567356815100e+09
1.489057567384051085e+09
1.489057567406908989e+09
1.489057567434336901e+09
1.489057567456981897e+09
1.489057567484625101e+09
1.489057567507452965e+09
1.489057567534704924e+09
1.489057567557468891e+09
1.489057567587466002e+09
1.489057567610491037e+09
1.489057567635098934e+09
1.489057567658958912e+09
1.489057567685395956e+09
1.489057567708184958e+09
1.489057567735549927e+09
1.489057567758635044e+09
1.489057567785907030e+09
1.489057567808775902e+09
1.489057567836014032e+09
1.489057567858890057e+09
1.489057567886157990e+09
1.489057567908981085e+09
1.489057567936657906e+09
1.489057567959286928e+09
1.489057567986812115e+09
1.489057568009516001e+09
1.489057568037059069e+09
1.489057568059757948e+09
1.489057568087349892e+09
1.489057568109790087e+09
1.489057568137423038e+09
1.489057568160160065e+09
1.489057568187767982e+09
1.489057568210239887e+09
1.489057568237790108e+09
1.489057568260596991e+09
1.489057568288305044e+09
1.489057568310614109e+09
1.489057568338397980e+09
1.489057568360945940e+09
1.489057568388618946e+09
1.489057568411340952e+09
1.489057568438734055e+09
1.489057568461576939e+09
1.489057568489099979e+09
1.489057568511811972e+09
1.489057568539242983e+09
1.489057568561912060e+09
1.489057568589445114e+09
1.489057568612098932e+09
1.489057568639709949e+09
1.489057568662379026e+09
1.489057568690038919e+09
1.489057568712704897e+09
1.489057568740082026e+09
1.489057568762741089e+09
1.489057568790353060e+09
1.489057568812969923e+09
1.489057568840573072e+09
1.489057568863213062e+09
1.489057568890836000e+09
1.489057568913507938e+09
1.489057568940936089e+09
1.489057568963720083e+09
1.489057568991460085e+09
1.489057569013880014e+09
1.489057569041548967e+09
1.489057569064208984e+09
1.489057569091697931e+09
1.489057569114351034e+09
1.489057569141947985e+09
1.489057569164552927e+09
1.489057569192280054e+09
1.489057569214654922e+09
1.489057569242177963e+09
1.489057569265002966e+09
1.489057569292517900e+09
1.489057569315299988e+09
1.489057569342870951e+09
1.489057569365509033e+09
1.489057569393143892e+09
1.489057569415741920e+09
1.489057569443361998e+09
1.489057569465965033e+09
1.489057569493645906e+09
1.489057569516064882e+09
1.489057569543757915e+09
1.489057569566472054e+09
1.489057569593955994e+09
1.489057569616904974e+09
1.489057569644256115e+09
1.489057569667042971e+09
1.489057569694571018e+09
1.489057569717231989e+09
1.489057569744647026e+09
1.489057569767436981e+09
1.489057569794994116e+09
1.489057569817653894e+09
1.489057569845254898e+09
1.489057569868024111e+09
1.489057569895350933e+09
1.489057569918206930e+09
1.489057569945622921e+09
1.489057569968336105e+09
1.489057569995803118e+09
1.489057570018709898e+09
1.489057570046101093e+09
1.489057570068749905e+09
1.489057570096225023e+09
1.489057570119191885e+09
1.489057570146632910e+09
1.489057570169193983e+09
1.489057570196939945e+09
1.489057570219449043e+09
1.489057570247230053e+09
1.489057570269748926e+09
1.489057570297354937e+09
1.489057570319912910e+09
1.489057570347548962e+09
1.489057570370093107e+09
1.489057570397773027e+09
1.489057570420262098e+09
1.489057570448060989e+09
1.489057570470545053e+09
1.489057570498308897e+09
1.489057570520834923e+09
1.489057570548456907e+09
1.489057570571038961e+09
1.489057570598628998e+09
1.489057570621304989e+09
1.489057570648961067e+09
1.489057570671564102e+09
1.489057570699198961e+09
1.489057570721765041e+09
1.489057570749258041e+09
1.489057570771946907e+09
1.489057570799451113e+09
1.489057570822156906e+09
1.489057570849661112e+09
1.489057570872364998e+09
1.489057570900080919e+09
1.489057570922561884e+09
1.489057570950140953e+09
1.489057570972819090e+09
1.489057571000495911e+09
1.489057571023000956e+09
1.489057571050594091e+09
1.489057571073312044e+09
1.489057571100866079e+09
1.489057571123569012e+09
1.489057571151088953e+09
1.489057571173727036e+09
1.489057571201262951e+09
1.489057571224009037e+09
1.489057571251558065e+09
1.489057571274822950e+09
1.489057571301713943e+09
1.489057571324404955e+09
1.489057571351994038e+09
1.489057571374723911e+09
1.489057571402355909e+09
1.489057571424911976e+09
1.489057571452420950e+09
1.489057571474967003e+09
1.489057571502795935e+09
1.489057571525296926e+09
1.489057571552850008e+09
1.489057571575556040e+09
1.489057571603075981e+09
1.489057571625788927e+09
1.489057571653422117e+09
1.489057571676439047e+09
1.489057571703867912e+09
1.489057571726589918e+09
1.489057571753602982e+09
1.489057571776940107e+09
1.489057571804382086e+09
1.489057571827023983e+09
1.489057571854314089e+09
1.489057571877198935e+09
1.489057571904649019e+09
1.489057571927306890e+09
1.489057571954824924e+09
1.489057571977495909e+09
1.489057572005321980e+09
1.489057572030504942e+09
1.489057572055234909e+09
1.489057572077842951e+09
1.489057572107995987e+09
1.489057572131081104e+09
1.489057572155694008e+09
1.489057572178308964e+09
1.489057572205944061e+09
1.489057572228781939e+09
1.489057572256184101e+09
1.489057572278863907e+09
1.489057572306410074e+09
1.489057572329117060e+09
1.489057572356739998e+09
1.489057572379261017e+09
1.489057572407017946e+09
1.489057572429596901e+09
1.489057572457191944e+09
1.489057572479666948e+09
1.489057572507424116e+09
1.489057572529896975e+09
1.489057572557621956e+09
1.489057572580116987e+09
1.489057572607790947e+09
1.489057572630279064e+09
1.489057572658070087e+09
1.489057572680574894e+09
1.489057572708384037e+09
1.489057572730978012e+09
1.489057572758604050e+09
1.489057572781167984e+09
1.489057572808657885e+09
1.489057572831449986e+09
1.489057572859025955e+09
1.489057572881664038e+09
1.489057572909215927e+09
1.489057572931816101e+09
1.489057572959311962e+09
1.489057572982004881e+09
1.489057573009715080e+09
1.489057573032191992e+09
1.489057573059771061e+09
1.489057573082472086e+09
1.489057573110009909e+09
1.489057573132747889e+09
1.489057573160232067e+09
1.489057573182952881e+09
1.489057573210516930e+09
1.489057573233189106e+09
1.489057573260834932e+09
1.489057573283308029e+09
1.489057573311094999e+09
1.489057573333583117e+09
1.489057573361155033e+09
1.489057573383826971e+09
1.489057573411372900e+09
1.489057573434120893e+09
1.489057573461733103e+09
1.489057573484174967e+09
1.489057573512031078e+09
1.489057573534492016e+09
1.489057573562099934e+09
1.489057573584764957e+09
1.489057573612277031e+09
1.489057573634953022e+09
1.489057573662553072e+09
1.489057573685230017e+09
1.489057573712949038e+09
1.489057573735423088e+09
1.489057573762979031e+09
1.489057573785690069e+09
1.489057573813345909e+09
1.489057573835844040e+09
1.489057573863409042e+09
1.489057573886066914e+09
1.489057573913758039e+09
1.489057573936598063e+09
1.489057573964054108e+09
1.489057573986541033e+09
1.489057574014163017e+09
1.489057574036813021e+09
1.489057574064362049e+09
1.489057574087183952e+09
1.489057574114598989e+09
1.489057574137439966e+09
1.489057574164813995e+09
1.489057574187603951e+09
1.489057574215080023e+09
1.489057574237936974e+09
1.489057574265364885e+09
1.489057574287950993e+09
1.489057574315466881e+09
1.489057574338351965e+09
1.489057574365797997e+09
1.489057574388412952e+09
1.489057574415997028e+09
1.489057574438807964e+09
1.489057574466415882e+09
1.489057574489001989e+09
1.489057574516514063e+09
1.489057574539216995e+09
1.489057574566747904e+09
1.489057574589252949e+09
1.489057574616894007e+09
1.489057574639614105e+09
1.489057574667253017e+09
1.489057574689733982e+09
1.489057574717540979e+09
1.489057574740047932e+09
1.489057574767688036e+09
1.489057574790126085e+09
1.489057574817840099e+09
1.489057574840560913e+09
1.489057574868232965e+09
1.489057574890796900e+09
1.489057574918473959e+09
1.489057574941035032e+09
1.489057574968707085e+09
1.489057574991291046e+09
1.489057575018743038e+09
1.489057575041532993e+09
1.489057575069113970e+09
1.489057575091690063e+09
1.489057575119185925e+09
1.489057575141969919e+09
1.489057575169368029e+09
1.489057575192069054e+09
1.489057575219578981e+09
1.489057575242338896e+09
1.489057575269805908e+09
1.489057575292563915e+09
1.489057575320173025e+09
1.489057575342606068e+09
1.489057575370313883e+09
1.489057575392983913e+09
1.489057575420525074e+09
1.489057575443212032e+09
1.489057575470767975e+09
1.489057575493453979e+09
1.489057575521142960e+09
1.489057575543618917e+09
1.489057575571248055e+09
1.489057575593974113e+09
1.489057575621436119e+09
1.489057575644166946e+09
1.489057575671643019e+09
1.489057575694313049e+09
1.489057575721843004e+09
1.489057575744492054e+09
1.489057575772062063e+09
1.489057575794783115e+09
1.489057575822298050e+09
1.489057575844968081e+09
1.489057575872529984e+09
1.489057575895229101e+09
1.489057575922712088e+09
1.489057575945501089e+09
1.489057575973081112e+09
1.489057575995740891e+09
1.489057576023401022e+09
1.489057576045890093e+09
1.489057576073623896e+09
1.489057576096095085e+09
1.489057576123673916e+09
1.489057576146454096e+09
1.489057576173867941e+09
1.489057576196717024e+09
1.489057576224230051e+09
1.489057576246784925e+09
1.489057576274508953e+09
1.489057576297144890e+09
1.489057576324724913e+09
1.489057576347295046e+09
1.489057576374948978e+09
1.489057576397612095e+09
1.489057576425188065e+09
1.489057576447789907e+09
1.489057576475315094e+09
1.489057576498023987e+09
1.489057576525527000e+09
1.489057576548392057e+09
1.489057576575881958e+09
1.489057576598773956e+09
1.489057576628696918e+09
1.489057576651823997e+09
1.489057576676517963e+09
1.489057576700134039e+09
1.489057576726608992e+09
1.489057576749315977e+09
1.489057576776984930e+09
1.489057576802144051e+09
1.489057576827172995e+09
1.489057576852628946e+09
1.489057576877281904e+09
1.489057576900074005e+09
1.489057576927665949e+09
1.489057576952806950e+09
1.489057576977552891e+09
1.489057577000087976e+09
1.489057577028170109e+09
1.489057577053448915e+09
1.489057577077964067e+09
1.489057577100611925e+09
1.489057577131151915e+09
1.489057577153657913e+09
1.489057577178575039e+09
1.489057577201107979e+09
1.489057577228935003e+09
1.489057577254091978e+09
1.489057577278979063e+09
1.489057577304518938e+09
1.489057577329265118e+09
1.489057577354789019e+09
1.489057577379416943e+09
1.489057577401752949e+09
1.489057577429424047e+09
1.489057577452363014e+09
1.489057577479922056e+09
1.489057577502489090e+09
1.489057577529849052e+09
1.489057577552676916e+09
1.489057577580176115e+09
1.489057577603018999e+09
1.489057577630358934e+09
1.489057577653225899e+09
1.489057577680876970e+09
1.489057577703497887e+09
1.489057577730938911e+09
1.489057577753371000e+09
1.489057577781269073e+09
1.489057577804025888e+09
1.489057577831484079e+09
1.489057577854012012e+09
1.489057577881480932e+09
1.489057577904330015e+09
1.489057577931947947e+09
1.489057577954489946e+09
1.489057577981930017e+09
1.489057578005007029e+09
1.489057578032227993e+09
1.489057578055021048e+09
1.489057578082685947e+09
1.489057578104914904e+09
1.489057578132683992e+09
1.489057578155509949e+09
1.489057578182950020e+09
1.489057578205491066e+09
1.489057578233233929e+09
1.489057578256022930e+09
1.489057578283349037e+09
1.489057578305902004e+09
1.489057578333396912e+09
1.489057578356209993e+09
1.489057578383826971e+09
1.489057578406425953e+09
1.489057578433988094e+09
1.489057578456908941e+09
1.489057578484297991e+09
1.489057578507709026e+09
1.489057578534656048e+09
1.489057578557415009e+09
1.489057578584901094e+09
1.489057578607783079e+09
1.489057578637460947e+09
1.489057578660701990e+09
1.489057578685225964e+09
1.489057578708303928e+09
1.489057578735400915e+09
1.489057578758141041e+09
1.489057578785649061e+09
1.489057578811274052e+09
1.489057578835875988e+09
1.489057578858764887e+09
1.489057578885957003e+09
1.489057578909004927e+09
1.489057578936398983e+09
1.489057578959275961e+09
1.489057578986630917e+09
1.489057579009411097e+09
1.489057579036948919e+09
1.489057579059585094e+09
1.489057579087040901e+09
1.489057579112582922e+09
1.489057579137320042e+09
1.489057579159703970e+09
1.489057579187402010e+09
1.489057579210036993e+09
1.489057579237551928e+09
1.489057579260313034e+09
1.489057579287928104e+09
1.489057579310610056e+09
1.489057579337977886e+09
1.489057579360817909e+09
1.489057579388289928e+09
1.489057579411161900e+09
1.489057579438811064e+09
1.489057579464131117e+09
1.489057579488940001e+09
1.489057579514245033e+09
1.489057579539299011e+09
1.489057579564455032e+09
1.489057579589221954e+09
1.489057579612135887e+09
1.489057579641876936e+09
1.489057579665050983e+09
1.489057579689395905e+09
1.489057579712094069e+09
1.489057579739775896e+09
1.489057579762096882e+09
1.489057579789819956e+09
1.489057579812470913e+09
1.489057579840168953e+09
1.489057579862689018e+09
1.489057579890295029e+09
1.489057579912980080e+09
1.489057579940574884e+09
1.489057579963228941e+09
1.489057579990700960e+09
1.489057580013362885e+09
1.489057580040958881e+09
1.489057580063654900e+09
1.489057580091130972e+09
1.489057580113846064e+09
1.489057580141351938e+09
1.489057580164045095e+09
1.489057580191574097e+09
1.489057580214308977e+09
1.489057580241949081e+09
1.489057580264409065e+09
1.489057580292200089e+09
1.489057580314708948e+09
1.489057580342392921e+09
1.489057580364864111e+09
1.489057580392502069e+09
1.489057580414972067e+09
1.489057580442791939e+09
1.489057580465497017e+09
1.489057580492882013e+09
1.489057580515600920e+09
1.489057580543279886e+09
1.489057580565766096e+09
1.489057580593290091e+09
1.489057580615987062e+09
1.489057580643594027e+09
1.489057580666285038e+09
1.489057580693840027e+09
1.489057580716708899e+09
1.489057580744133949e+09
1.489057580766695976e+09
1.489057580794339895e+09
1.489057580817188025e+09
1.489057580844451904e+09
1.489057580867400885e+09
1.489057580894757986e+09
1.489057580917638063e+09
1.489057580945041895e+09
1.489057580967633009e+09
1.489057580995188951e+09
1.489057581018073082e+09
1.489057581045386076e+09
1.489057581068240881e+09
1.489057581095662117e+09
1.489057581118170023e+09
1.489057581148379087e+09
1.489057581171411991e+09
1.489057581196114063e+09
1.489057581218841076e+09
1.489057581246243000e+09
1.489057581269123077e+09
1.489057581296648026e+09
1.489057581319308996e+09
1.489057581346927881e+09
1.489057581369414091e+09
1.489057581397218943e+09
1.489057581419707060e+09
1.489057581447480917e+09
1.489057581469883919e+09
1.489057581497684002e+09
1.489057581520170927e+09
1.489057581547924995e+09
1.489057581570467949e+09
1.489057581597959995e+09
1.489057581620632887e+09
1.489057581650554895e+09
1.489057581673696995e+09
1.489057581698347092e+09
1.489057581721151114e+09
1.489057581748837948e+09
1.489057581771193981e+09
1.489057581798885107e+09
1.489057581821453094e+09
1.489057581849275112e+09
1.489057581872004032e+09
1.489057581899240971e+09
1.489057581921960115e+09
1.489057581949533939e+09
1.489057581971987963e+09
1.489057581999666929e+09
1.489057582022394896e+09
1.489057582050040960e+09
1.489057582072521925e+09
1.489057582100052118e+09
1.489057582122720957e+09
1.489057582150289059e+09
1.489057582173036098e+09
1.489057582200579882e+09
1.489057582223042965e+09
1.489057582250765085e+09
1.489057582273449898e+09
1.489057582301184893e+09
1.489057582323709965e+09
1.489057582351329088e+09
1.489057582373815060e+09
1.489057582401602030e+09
1.489057582423881054e+09
1.489057582451827049e+09
1.489057582474303961e+09
1.489057582501878023e+09
1.489057582524563074e+09
1.489057582552278996e+09
1.489057582574754000e+09
1.489057582602382898e+09
1.489057582625050068e+09
1.489057582652508974e+09
1.489057582675189972e+09
1.489057582702799082e+09
1.489057582725476980e+09
1.489057582753170967e+09
1.489057582775631905e+09
1.489057582802999020e+09
1.489057582825925112e+09
1.489057582853611946e+09
1.489057582876074076e+09
1.489057582903661013e+09
1.489057582926428080e+09
1.489057582954030037e+09
1.489057582976694107e+09
1.489057583004388094e+09
1.489057583027049065e+09
1.489057583054496050e+09
1.489057583077166080e+09
1.489057583104688883e+09
1.489057583127243996e+09
1.489057583157401085e+09
1.489057583180469036e+09
1.489057583204997063e+09
1.489057583227834940e+09
1.489057583255307913e+09
1.489057583277978897e+09
1.489057583305524111e+09
1.489057583328293085e+09
1.489057583355706930e+09
0.000000000000000000e+00
0.000000000000000000e+00
0.000000000000000000e+00
0.000000000000000000e+00
0.000000000000000000e+00
0.000000000000000000e+00
0.000000000000000000e+00
0.000000000000000000e+00
0.000000000000000000e+00
0.000000000000000000e+00
0.000000000000000000e+00
0.000000000000000000e+00
0.000000000000000000e+00
0.000000000000000000e+00
0.000000000000000000e+00
0.000000000000000000e+00
0.000000000000000000e+00
0.000000000000000000e+00
0.000000000000000000e+00
0.000000000000000000e+00
0.000000000000000000e+00
0.000000000000000000e+00
0.000000000000000000e+00
0.000000000000000000e+00
0.000000000000000000e+00
0.000000000000000000e+00
0.000000000000000000e+00
0.000000000000000000e+00
0.000000000000000000e+00
0.000000000000000000e+00
0.000000000000000000e+00
0.000000000000000000e+00
0.000000000000000000e+00
0.000000000000000000e+00
0.000000000000000000e+00
0.000000000000000000e+00
0.000000000000000000e+00
0.000000000000000000e+00
0.000000000000000000e+00
0.000000000000000000e+00
0.000000000000000000e+00
0.000000000000000000e+00
0.000000000000000000e+00
0.000000000000000000e+00
0.000000000000000000e+00
0.000000000000000000e+00
0.000000000000000000e+00
0.000000000000000000e+00
0.000000000000000000e+00
0.000000000000000000e+00
0.000000000000000000e+00
0.000000000000000000e+00
0.000000000000000000e+00
0.000000000000000000e+00
0.000000000000000000e+00
0.000000000000000000e+00
0.000000000000000000e+00
0.000000000000000000e+00
0.000000000000000000e+00
0.000000000000000000e+00
0.000000000000000000e+00
0.000000000000000000e+00
0.000000000000000000e+00
0.000000000000000000e+00
0.000000000000000000e+00
0.000000000000000000e+00
0.000000000000000000e+00
0.000000000000000000e+00
0.000000000000000000e+00
0.000000000000000000e+00
0.000000000000000000e+00
0.000000000000000000e+00
0.000000000000000000e+00
0.000000000000000000e+00
0.000000000000000000e+00
0.000000000000000000e+00
0.000000000000000000e+00
0.000000000000000000e+00
0.000000000000000000e+00
0.000000000000000000e+00
0.000000000000000000e+00
0.000000000000000000e+00
0.000000000000000000e+00
0.000000000000000000e+00
0.000000000000000000e+00
0.000000000000000000e+00
0.000000000000000000e+00
0.000000000000000000e+00
0.000000000000000000e+00
0.000000000000000000e+00
0.000000000000000000e+00
0.000000000000000000e+00
0.000000000000000000e+00
0.000000000000000000e+00
0.000000000000000000e+00
0.000000000000000000e+00
0.000000000000000000e+00
0.000000000000000000e+00
0.000000000000000000e+00
0.000000000000000000e+00
0.000000000000000000e+00
0.000000000000000000e+00
0.000000000000000000e+00
0.000000000000000000e+00
0.000000000000000000e+00
0.000000000000000000e+00
0.000000000000000000e+00
0.000000000000000000e+00
0.000000000000000000e+00
0.000000000000000000e+00
0.000000000000000000e+00
0.000000000000000000e+00
0.000000000000000000e+00
0.000000000000000000e+00
0.000000000000000000e+00
0.000000000000000000e+00
0.000000000000000000e+00
0.000000000000000000e+00
0.000000000000000000e+00
0.000000000000000000e+00
0.000000000000000000e+00
0.000000000000000000e+00
0.000000000000000000e+00
0.000000000000000000e+00
0.000000000000000000e+00
0.000000000000000000e+00
0.000000000000000000e+00
0.000000000000000000e+00
0.000000000000000000e+00
0.000000000000000000e+00
0.000000000000000000e+00
0.000000000000000000e+00
0.000000000000000000e+00
0.000000000000000000e+00
0.000000000000000000e+00
0.000000000000000000e+00
0.000000000000000000e+00
0.000000000000000000e+00
0.000000000000000000e+00
0.000000000000000000e+00
0.000000000000000000e+00
0.000000000000000000e+00
0.000000000000000000e+00
0.000000000000000000e+00
0.000000000000000000e+00
0.000000000000000000e+00
0.000000000000000000e+00
0.000000000000000000e+00
0.000000000000000000e+00
0.000000000000000000e+00
0.000000000000000000e+00
0.000000000000000000e+00
0.000000000000000000e+00
0.000000000000000000e+00
0.000000000000000000e+00
0.000000000000000000e+00
0.000000000000000000e+00
0.000000000000000000e+00
0.000000000000000000e+00
0.000000000000000000e+00
0.000000000000000000e+00
0.000000000000000000e+00
0.000000000000000000e+00
0.000000000000000000e+00
0.000000000000000000e+00
0.000000000000000000e+00
0.000000000000000000e+00
0.000000000000000000e+00
0.000000000000000000e+00
0.000000000000000000e+00
0.000000000000000000e+00
0.000000000000000000e+00
0.000000000000000000e+00
0.000000000000000000e+00
0.000000000000000000e+00
0.000000000000000000e+00
0.000000000000000000e+00
0.000000000000000000e+00
0.000000000000000000e+00
0.000000000000000000e+00
0.000000000000000000e+00
0.000000000000000000e+00
0.000000000000000000e+00
0.000000000000000000e+00
0.000000000000000000e+00
0.000000000000000000e+00
0.000000000000000000e+00
0.000000000000000000e+00
0.000000000000000000e+00
0.000000000000000000e+00
0.000000000000000000e+00
0.000000000000000000e+00
0.000000000000000000e+00
0.000000000000000000e+00
0.000000000000000000e+00
0.000000000000000000e+00
0.000000000000000000e+00
0.000000000000000000e+00
0.000000000000000000e+00
0.000000000000000000e+00
0.000000000000000000e+00
0.000000000000000000e+00
0.000000000000000000e+00
0.000000000000000000e+00
0.000000000000000000e+00
0.000000000000000000e+00
0.000000000000000000e+00
0.000000000000000000e+00
0.000000000000000000e+00
0.000000000000000000e+00
0.000000000000000000e+00
0.000000000000000000e+00
0.000000000000000000e+00
0.000000000000000000e+00
0.000000000000000000e+00
0.000000000000000000e+00
0.000000000000000000e+00
0.000000000000000000e+00
0.000000000000000000e+00
0.000000000000000000e+00
0.000000000000000000e+00
0.000000000000000000e+00
0.000000000000000000e+00
0.000000000000000000e+00
0.000000000000000000e+00
0.000000000000000000e+00
0.000000000000000000e+00
0.000000000000000000e+00
0.000000000000000000e+00
0.000000000000000000e+00
0.000000000000000000e+00
0.000000000000000000e+00
0.000000000000000000e+00
0.000000000000000000e+00
0.000000000000000000e+00
0.000000000000000000e+00
0.000000000000000000e+00
0.000000000000000000e+00
0.000000000000000000e+00
0.000000000000000000e+00
0.000000000000000000e+00
0.000000000000000000e+00
0.000000000000000000e+00
0.000000000000000000e+00
0.000000000000000000e+00
0.000000000000000000e+00
0.000000000000000000e+00
0.000000000000000000e+00
0.000000000000000000e+00
0.000000000000000000e+00
0.000000000000000000e+00
0.000000000000000000e+00
0.000000000000000000e+00
0.000000000000000000e+00
0.000000000000000000e+00
0.000000000000000000e+00
0.000000000000000000e+00
0.000000000000000000e+00
0.000000000000000000e+00
0.000000000000000000e+00
0.000000000000000000e+00
0.000000000000000000e+00
0.000000000000000000e+00
0.000000000000000000e+00
0.000000000000000000e+00
0.000000000000000000e+00
0.000000000000000000e+00
0.000000000000000000e+00
0.000000000000000000e+00
0.000000000000000000e+00
0.000000000000000000e+00
0.000000000000000000e+00
0.000000000000000000e+00
0.000000000000000000e+00
0.000000000000000000e+00
0.000000000000000000e+00
0.000000000000000000e+00
0.000000000000000000e+00
0.000000000000000000e+00
0.000000000000000000e+00
0.000000000000000000e+00
0.000000000000000000e+00
0.000000000000000000e+00
0.000000000000000000e+00
0.000000000000000000e+00
0.000000000000000000e+00
0.000000000000000000e+00
0.000000000000000000e+00
0.000000000000000000e+00
0.000000000000000000e+00
0.000000000000000000e+00
0.000000000000000000e+00
0.000000000000000000e+00
0.000000000000000000e+00
0.000000000000000000e+00
0.000000000000000000e+00
0.000000000000000000e+00
0.000000000000000000e+00
0.000000000000000000e+00
0.000000000000000000e+00
0.000000000000000000e+00
0.000000000000000000e+00
0.000000000000000000e+00
0.000000000000000000e+00
0.000000000000000000e+00
0.000000000000000000e+00
0.000000000000000000e+00
0.000000000000000000e+00
0.000000000000000000e+00
0.000000000000000000e+00
0.000000000000000000e+00
0.000000000000000000e+00
0.000000000000000000e+00
0.000000000000000000e+00
0.000000000000000000e+00
0.000000000000000000e+00
0.000000000000000000e+00
0.000000000000000000e+00
0.000000000000000000e+00
0.000000000000000000e+00
0.000000000000000000e+00
0.000000000000000000e+00
0.000000000000000000e+00
0.000000000000000000e+00
0.000000000000000000e+00
0.000000000000000000e+00
0.000000000000000000e+00
0.000000000000000000e+00
0.000000000000000000e+00
0.000000000000000000e+00
0.000000000000000000e+00
0.000000000000000000e+00
0.000000000000000000e+00
0.000000000000000000e+00
0.000000000000000000e+00
0.000000000000000000e+00
0.000000000000000000e+00
0.000000000000000000e+00
0.000000000000000000e+00
0.000000000000000000e+00
0.000000000000000000e+00
0.000000000000000000e+00
0.000000000000000000e+00
0.000000000000000000e+00
0.000000000000000000e+00
0.000000000000000000e+00
0.000000000000000000e+00
0.000000000000000000e+00
0.000000000000000000e+00
0.000000000000000000e+00
0.000000000000000000e+00
0.000000000000000000e+00
0.000000000000000000e+00
0.000000000000000000e+00
0.000000000000000000e+00
0.000000000000000000e+00
0.000000000000000000e+00
0.000000000000000000e+00
0.000000000000000000e+00
0.000000000000000000e+00
0.000000000000000000e+00
0.000000000000000000e+00
0.000000000000000000e+00
0.000000000000000000e+00
0.000000000000000000e+00
0.000000000000000000e+00
0.000000000000000000e+00
0.000000000000000000e+00
0.000000000000000000e+00
0.000000000000000000e+00
0.000000000000000000e+00
0.000000000000000000e+00
0.000000000000000000e+00
0.000000000000000000e+00
0.000000000000000000e+00
0.000000000000000000e+00
0.000000000000000000e+00
0.000000000000000000e+00
0.000000000000000000e+00
0.000000000000000000e+00
0.000000000000000000e+00
0.000000000000000000e+00
0.000000000000000000e+00
0.000000000000000000e+00
0.000000000000000000e+00
0.000000000000000000e+00
0.000000000000000000e+00
0.000000000000000000e+00
0.000000000000000000e+00
0.000000000000000000e+00
0.000000000000000000e+00
0.000000000000000000e+00
0.000000000000000000e+00
0.000000000000000000e+00
0.000000000000000000e+00
0.000000000000000000e+00
0.000000000000000000e+00
0.000000000000000000e+00
0.000000000000000000e+00
0.000000000000000000e+00
0.000000000000000000e+00
0.000000000000000000e+00
0.000000000000000000e+00
0.000000000000000000e+00
0.000000000000000000e+00
0.000000000000000000e+00
0.000000000000000000e+00
0.000000000000000000e+00
0.000000000000000000e+00
0.000000000000000000e+00
0.000000000000000000e+00
0.000000000000000000e+00
0.000000000000000000e+00
0.000000000000000000e+00
0.000000000000000000e+00
0.000000000000000000e+00
0.000000000000000000e+00
0.000000000000000000e+00
0.000000000000000000e+00
0.000000000000000000e+00
0.000000000000000000e+00
0.000000000000000000e+00
0.000000000000000000e+00
0.000000000000000000e+00
0.000000000000000000e+00
0.000000000000000000e+00
0.000000000000000000e+00
0.000000000000000000e+00
0.000000000000000000e+00
0.000000000000000000e+00
0.000000000000000000e+00
0.000000000000000000e+00
0.000000000000000000e+00
0.000000000000000000e+00
0.000000000000000000e+00
0.000000000000000000e+00
0.000000000000000000e+00
0.000000000000000000e+00
0.000000000000000000e+00
0.000000000000000000e+00
0.000000000000000000e+00
0.000000000000000000e+00
0.000000000000000000e+00
0.000000000000000000e+00
0.000000000000000000e+00
0.000000000000000000e+00
0.000000000000000000e+00
0.000000000000000000e+00
0.000000000000000000e+00
0.000000000000000000e+00
0.000000000000000000e+00
0.000000000000000000e+00
0.000000000000000000e+00
0.000000000000000000e+00
0.000000000000000000e+00
0.000000000000000000e+00
0.000000000000000000e+00
0.000000000000000000e+00
0.000000000000000000e+00
0.000000000000000000e+00
0.000000000000000000e+00
0.000000000000000000e+00
0.000000000000000000e+00
0.000000000000000000e+00
0.000000000000000000e+00
0.000000000000000000e+00
0.000000000000000000e+00
0.000000000000000000e+00
0.000000000000000000e+00
0.000000000000000000e+00
0.000000000000000000e+00
0.000000000000000000e+00
0.000000000000000000e+00
0.000000000000000000e+00
0.000000000000000000e+00
0.000000000000000000e+00
0.000000000000000000e+00
0.000000000000000000e+00
0.000000000000000000e+00
0.000000000000000000e+00
0.000000000000000000e+00
0.000000000000000000e+00
0.000000000000000000e+00
0.000000000000000000e+00
0.000000000000000000e+00
0.000000000000000000e+00
0.000000000000000000e+00
0.000000000000000000e+00
0.000000000000000000e+00
0.000000000000000000e+00
0.000000000000000000e+00
0.000000000000000000e+00
0.000000000000000000e+00
0.000000000000000000e+00
0.000000000000000000e+00
0.000000000000000000e+00
0.000000000000000000e+00
0.000000000000000000e+00
0.000000000000000000e+00
0.000000000000000000e+00
0.000000000000000000e+00
0.000000000000000000e+00
0.000000000000000000e+00
0.000000000000000000e+00
0.000000000000000000e+00
0.000000000000000000e+00
0.000000000000000000e+00
0.000000000000000000e+00
0.000000000000000000e+00
0.000000000000000000e+00
0.000000000000000000e+00
0.000000000000000000e+00
0.000000000000000000e+00
0.000000000000000000e+00
0.000000000000000000e+00
0.000000000000000000e+00
0.000000000000000000e+00
0.000000000000000000e+00
0.000000000000000000e+00
0.000000000000000000e+00
0.000000000000000000e+00
0.000000000000000000e+00
0.000000000000000000e+00
0.000000000000000000e+00
0.000000000000000000e+00
0.000000000000000000e+00
0.000000000000000000e+00
0.000000000000000000e+00
0.000000000000000000e+00
0.000000000000000000e+00
0.000000000000000000e+00
0.000000000000000000e+00
0.000000000000000000e+00
0.000000000000000000e+00
0.000000000000000000e+00
0.000000000000000000e+00
0.000000000000000000e+00
0.000000000000000000e+00
0.000000000000000000e+00
0.000000000000000000e+00
0.000000000000000000e+00
0.000000000000000000e+00
0.000000000000000000e+00
0.000000000000000000e+00
0.000000000000000000e+00
0.000000000000000000e+00
0.000000000000000000e+00
0.000000000000000000e+00
0.000000000000000000e+00
0.000000000000000000e+00
0.000000000000000000e+00
0.000000000000000000e+00
0.000000000000000000e+00
0.000000000000000000e+00
0.000000000000000000e+00
0.000000000000000000e+00
0.000000000000000000e+00
0.000000000000000000e+00
0.000000000000000000e+00
0.000000000000000000e+00
0.000000000000000000e+00
0.000000000000000000e+00
0.000000000000000000e+00
0.000000000000000000e+00
0.000000000000000000e+00
0.000000000000000000e+00
0.000000000000000000e+00
0.000000000000000000e+00
0.000000000000000000e+00
0.000000000000000000e+00
0.000000000000000000e+00
0.000000000000000000e+00
0.000000000000000000e+00
0.000000000000000000e+00
0.000000000000000000e+00
0.000000000000000000e+00
0.000000000000000000e+00
0.000000000000000000e+00
0.000000000000000000e+00
0.000000000000000000e+00
0.000000000000000000e+00
0.000000000000000000e+00
0.000000000000000000e+00
0.000000000000000000e+00
0.000000000000000000e+00
0.000000000000000000e+00
0.000000000000000000e+00
0.000000000000000000e+00
0.000000000000000000e+00
0.000000000000000000e+00
0.000000000000000000e+00
0.000000000000000000e+00
0.000000000000000000e+00
0.000000000000000000e+00
0.000000000000000000e+00
0.000000000000000000e+00
0.000000000000000000e+00
0.000000000000000000e+00
0.000000000000000000e+00
0.000000000000000000e+00
0.000000000000000000e+00
0.000000000000000000e+00
0.000000000000000000e+00
0.000000000000000000e+00
0.000000000000000000e+00
0.000000000000000000e+00
0.000000000000000000e+00
0.000000000000000000e+00
0.000000000000000000e+00
0.000000000000000000e+00
0.000000000000000000e+00
0.000000000000000000e+00
0.000000000000000000e+00
0.000000000000000000e+00
0.000000000000000000e+00
0.000000000000000000e+00
0.000000000000000000e+00
0.000000000000000000e+00
0.000000000000000000e+00
0.000000000000000000e+00
0.000000000000000000e+00
0.000000000000000000e+00
0.000000000000000000e+00
0.000000000000000000e+00
0.000000000000000000e+00
0.000000000000000000e+00
0.000000000000000000e+00
0.000000000000000000e+00
0.000000000000000000e+00
0.000000000000000000e+00
0.000000000000000000e+00
0.000000000000000000e+00
0.000000000000000000e+00
0.000000000000000000e+00
0.000000000000000000e+00
0.000000000000000000e+00
0.000000000000000000e+00
0.000000000000000000e+00
0.000000000000000000e+00
0.000000000000000000e+00
0.000000000000000000e+00
0.000000000000000000e+00
0.000000000000000000e+00
0.000000000000000000e+00
0.000000000000000000e+00
0.000000000000000000e+00
0.000000000000000000e+00
0.000000000000000000e+00
0.000000000000000000e+00
0.000000000000000000e+00
0.000000000000000000e+00
0.000000000000000000e+00
0.000000000000000000e+00
0.000000000000000000e+00
0.000000000000000000e+00
0.000000000000000000e+00
0.000000000000000000e+00
0.000000000000000000e+00
0.000000000000000000e+00
0.000000000000000000e+00
0.000000000000000000e+00
0.000000000000000000e+00
0.000000000000000000e+00
0.000000000000000000e+00
0.000000000000000000e+00
0.000000000000000000e+00
0.000000000000000000e+00
0.000000000000000000e+00
0.000000000000000000e+00
0.000000000000000000e+00
0.000000000000000000e+00
0.000000000000000000e+00
0.000000000000000000e+00
0.000000000000000000e+00
0.000000000000000000e+00
0.000000000000000000e+00
0.000000000000000000e+00
0.000000000000000000e+00
0.000000000000000000e+00
0.000000000000000000e+00
0.000000000000000000e+00
0.000000000000000000e+00
0.000000000000000000e+00
0.000000000000000000e+00
0.000000000000000000e+00
0.000000000000000000e+00
0.000000000000000000e+00
0.000000000000000000e+00
0.000000000000000000e+00
0.000000000000000000e+00
0.000000000000000000e+00
0.000000000000000000e+00
0.000000000000000000e+00
0.000000000000000000e+00
0.000000000000000000e+00
0.000000000000000000e+00
0.000000000000000000e+00
0.000000000000000000e+00
0.000000000000000000e+00
0.000000000000000000e+00
0.000000000000000000e+00
0.000000000000000000e+00
0.000000000000000000e+00
0.000000000000000000e+00
0.000000000000000000e+00
0.000000000000000000e+00
0.000000000000000000e+00
0.000000000000000000e+00
0.000000000000000000e+00
0.000000000000000000e+00
0.000000000000000000e+00
0.000000000000000000e+00
0.000000000000000000e+00
0.000000000000000000e+00
0.000000000000000000e+00
0.000000000000000000e+00
0.000000000000000000e+00
0.000000000000000000e+00
0.000000000000000000e+00
0.000000000000000000e+00
0.000000000000000000e+00
0.000000000000000000e+00
0.000000000000000000e+00
0.000000000000000000e+00
0.000000000000000000e+00
0.000000000000000000e+00
0.000000000000000000e+00
0.000000000000000000e+00
0.000000000000000000e+00
0.000000000000000000e+00
0.000000000000000000e+00
0.000000000000000000e+00
0.000000000000000000e+00
0.000000000000000000e+00
0.000000000000000000e+00
0.000000000000000000e+00
0.000000000000000000e+00
0.000000000000000000e+00
0.000000000000000000e+00
0.000000000000000000e+00
0.000000000000000000e+00
0.000000000000000000e+00
0.000000000000000000e+00
0.000000000000000000e+00
0.000000000000000000e+00
0.000000000000000000e+00
0.000000000000000000e+00
0.000000000000000000e+00
0.000000000000000000e+00
0.000000000000000000e+00
0.000000000000000000e+00
0.000000000000000000e+00
0.000000000000000000e+00
0.000000000000000000e+00
0.000000000000000000e+00
0.000000000000000000e+00
0.000000000000000000e+00
0.000000000000000000e+00
0.000000000000000000e+00
0.000000000000000000e+00
0.000000000000000000e+00
0.000000000000000000e+00
0.000000000000000000e+00
0.000000000000000000e+00
0.000000000000000000e+00
0.000000000000000000e+00
0.000000000000000000e+00
0.000000000000000000e+00
0.000000000000000000e+00
0.000000000000000000e+00
0.000000000000000000e+00
0.000000000000000000e+00
0.000000000000000000e+00
0.000000000000000000e+00
0.000000000000000000e+00
0.000000000000000000e+00
0.000000000000000000e+00
0.000000000000000000e+00
0.000000000000000000e+00
0.000000000000000000e+00
0.000000000000000000e+00
0.000000000000000000e+00
0.000000000000000000e+00
0.000000000000000000e+00
0.000000000000000000e+00
0.000000000000000000e+00
0.000000000000000000e+00
0.000000000000000000e+00
0.000000000000000000e+00
0.000000000000000000e+00
0.000000000000000000e+00
0.000000000000000000e+00
0.000000000000000000e+00
0.000000000000000000e+00
0.000000000000000000e+00
0.000000000000000000e+00
0.000000000000000000e+00
0.000000000000000000e+00
0.000000000000000000e+00
0.000000000000000000e+00
0.000000000000000000e+00
0.000000000000000000e+00
0.000000000000000000e+00
0.000000000000000000e+00
0.000000000000000000e+00
0.000000000000000000e+00
0.000000000000000000e+00
0.000000000000000000e+00
0.000000000000000000e+00
0.000000000000000000e+00
0.000000000000000000e+00
0.000000000000000000e+00
0.000000000000000000e+00
0.000000000000000000e+00
0.000000000000000000e+00
0.000000000000000000e+00
0.000000000000000000e+00
0.000000000000000000e+00
0.000000000000000000e+00
0.000000000000000000e+00
0.000000000000000000e+00
0.000000000000000000e+00
0.000000000000000000e+00
0.000000000000000000e+00
0.000000000000000000e+00
0.000000000000000000e+00
0.000000000000000000e+00
0.000000000000000000e+00
0.000000000000000000e+00
0.000000000000000000e+00
0.000000000000000000e+00
0.000000000000000000e+00
0.000000000000000000e+00
0.000000000000000000e+00
0.000000000000000000e+00
0.000000000000000000e+00
0.000000000000000000e+00
0.000000000000000000e+00
0.000000000000000000e+00
0.000000000000000000e+00
0.000000000000000000e+00
0.000000000000000000e+00
0.000000000000000000e+00
0.000000000000000000e+00
0.000000000000000000e+00
0.000000000000000000e+00
0.000000000000000000e+00
0.000000000000000000e+00
0.000000000000000000e+00
0.000000000000000000e+00
0.000000000000000000e+00
0.000000000000000000e+00
0.000000000000000000e+00
0.000000000000000000e+00
0.000000000000000000e+00
0.000000000000000000e+00
0.000000000000000000e+00
0.000000000000000000e+00
0.000000000000000000e+00
0.000000000000000000e+00
0.000000000000000000e+00
0.000000000000000000e+00
0.000000000000000000e+00
0.000000000000000000e+00
0.000000000000000000e+00
0.000000000000000000e+00
0.000000000000000000e+00
0.000000000000000000e+00
0.000000000000000000e+00
0.000000000000000000e+00
0.000000000000000000e+00
0.000000000000000000e+00
0.000000000000000000e+00
0.000000000000000000e+00
0.000000000000000000e+00
0.000000000000000000e+00
0.000000000000000000e+00
0.000000000000000000e+00
0.000000000000000000e+00
0.000000000000000000e+00
0.000000000000000000e+00
0.000000000000000000e+00
0.000000000000000000e+00
0.000000000000000000e+00
0.000000000000000000e+00
0.000000000000000000e+00
0.000000000000000000e+00
0.000000000000000000e+00
0.000000000000000000e+00
0.000000000000000000e+00
0.000000000000000000e+00
0.000000000000000000e+00
0.000000000000000000e+00
0.000000000000000000e+00
0.000000000000000000e+00
0.000000000000000000e+00
0.000000000000000000e+00
0.000000000000000000e+00
0.000000000000000000e+00
0.000000000000000000e+00
0.000000000000000000e+00
0.000000000000000000e+00
0.000000000000000000e+00
0.000000000000000000e+00
0.000000000000000000e+00
0.000000000000000000e+00
0.000000000000000000e+00
0.000000000000000000e+00
0.000000000000000000e+00
0.000000000000000000e+00
0.000000000000000000e+00
0.000000000000000000e+00
0.000000000000000000e+00
0.000000000000000000e+00
0.000000000000000000e+00
0.000000000000000000e+00
0.000000000000000000e+00
0.000000000000000000e+00
0.000000000000000000e+00
0.000000000000000000e+00
0.000000000000000000e+00
0.000000000000000000e+00
0.000000000000000000e+00
0.000000000000000000e+00
0.000000000000000000e+00
0.000000000000000000e+00
0.000000000000000000e+00
0.000000000000000000e+00
0.000000000000000000e+00
0.000000000000000000e+00
0.000000000000000000e+00
0.000000000000000000e+00
0.000000000000000000e+00
0.000000000000000000e+00
0.000000000000000000e+00
0.000000000000000000e+00
0.000000000000000000e+00
0.000000000000000000e+00
0.000000000000000000e+00
0.000000000000000000e+00
0.000000000000000000e+00
0.000000000000000000e+00
0.000000000000000000e+00
0.000000000000000000e+00
0.000000000000000000e+00
0.000000000000000000e+00
0.000000000000000000e+00
0.000000000000000000e+00
0.000000000000000000e+00
0.000000000000000000e+00
0.000000000000000000e+00
0.000000000000000000e+00
0.000000000000000000e+00
0.000000000000000000e+00
0.000000000000000000e+00
0.000000000000000000e+00
0.000000000000000000e+00
0.000000000000000000e+00
0.000000000000000000e+00
0.000000000000000000e+00
0.000000000000000000e+00
0.000000000000000000e+00
0.000000000000000000e+00
0.000000000000000000e+00
0.000000000000000000e+00
0.000000000000000000e+00
0.000000000000000000e+00
0.000000000000000000e+00
0.000000000000000000e+00
0.000000000000000000e+00
0.000000000000000000e+00
0.000000000000000000e+00
0.000000000000000000e+00
0.000000000000000000e+00
0.000000000000000000e+00
0.000000000000000000e+00
0.000000000000000000e+00
0.000000000000000000e+00
0.000000000000000000e+00
0.000000000000000000e+00
0.000000000000000000e+00
0.000000000000000000e+00
0.000000000000000000e+00
0.000000000000000000e+00
0.000000000000000000e+00
0.000000000000000000e+00
0.000000000000000000e+00
0.000000000000000000e+00
0.000000000000000000e+00
0.000000000000000000e+00
0.000000000000000000e+00
0.000000000000000000e+00
0.000000000000000000e+00
0.000000000000000000e+00
0.000000000000000000e+00
0.000000000000000000e+00
0.000000000000000000e+00
0.000000000000000000e+00
0.000000000000000000e+00
0.000000000000000000e+00
0.000000000000000000e+00
0.000000000000000000e+00
0.000000000000000000e+00
0.000000000000000000e+00
0.000000000000000000e+00
0.000000000000000000e+00
0.000000000000000000e+00
0.000000000000000000e+00
0.000000000000000000e+00
0.000000000000000000e+00
0.000000000000000000e+00
0.000000000000000000e+00
0.000000000000000000e+00
0.000000000000000000e+00
0.000000000000000000e+00
0.000000000000000000e+00
0.000000000000000000e+00
0.000000000000000000e+00
0.000000000000000000e+00
0.000000000000000000e+00
0.000000000000000000e+00
0.000000000000000000e+00
0.000000000000000000e+00
0.000000000000000000e+00
0.000000000000000000e+00
0.000000000000000000e+00
0.000000000000000000e+00
0.000000000000000000e+00
0.000000000000000000e+00
0.000000000000000000e+00
0.000000000000000000e+00
0.000000000000000000e+00
0.000000000000000000e+00
0.000000000000000000e+00
0.000000000000000000e+00
0.000000000000000000e+00
0.000000000000000000e+00
0.000000000000000000e+00
0.000000000000000000e+00
0.000000000000000000e+00
0.000000000000000000e+00
0.000000000000000000e+00
0.000000000000000000e+00
0.000000000000000000e+00
0.000000000000000000e+00
0.000000000000000000e+00
0.000000000000000000e+00
0.000000000000000000e+00
0.000000000000000000e+00
0.000000000000000000e+00
0.000000000000000000e+00
0.000000000000000000e+00
0.000000000000000000e+00
0.000000000000000000e+00
0.000000000000000000e+00
0.000000000000000000e+00
0.000000000000000000e+00
0.000000000000000000e+00
0.000000000000000000e+00
0.000000000000000000e+00
0.000000000000000000e+00
0.000000000000000000e+00
0.000000000000000000e+00
0.000000000000000000e+00
0.000000000000000000e+00
0.000000000000000000e+00
0.000000000000000000e+00
0.000000000000000000e+00
0.000000000000000000e+00
0.000000000000000000e+00
0.000000000000000000e+00
0.000000000000000000e+00
0.000000000000000000e+00
0.000000000000000000e+00
0.000000000000000000e+00
0.000000000000000000e+00
0.000000000000000000e+00
0.000000000000000000e+00
0.000000000000000000e+00
0.000000000000000000e+00
0.000000000000000000e+00
0.000000000000000000e+00
0.000000000000000000e+00
0.000000000000000000e+00
0.000000000000000000e+00
0.000000000000000000e+00
0.000000000000000000e+00
0.000000000000000000e+00
0.000000000000000000e+00
0.000000000000000000e+00
0.000000000000000000e+00
0.000000000000000000e+00
0.000000000000000000e+00
0.000000000000000000e+00
0.000000000000000000e+00
0.000000000000000000e+00
0.000000000000000000e+00
0.000000000000000000e+00
0.000000000000000000e+00
0.000000000000000000e+00
0.000000000000000000e+00
0.000000000000000000e+00
0.000000000000000000e+00
0.000000000000000000e+00
0.000000000000000000e+00
0.000000000000000000e+00
0.000000000000000000e+00
0.000000000000000000e+00
0.000000000000000000e+00
0.000000000000000000e+00
0.000000000000000000e+00
0.000000000000000000e+00
0.000000000000000000e+00
0.000000000000000000e+00
0.000000000000000000e+00
0.000000000000000000e+00
0.000000000000000000e+00
0.000000000000000000e+00
0.000000000000000000e+00
0.000000000000000000e+00
0.000000000000000000e+00
0.000000000000000000e+00
0.000000000000000000e+00
0.000000000000000000e+00
0.000000000000000000e+00
0.000000000000000000e+00
0.000000000000000000e+00
0.000000000000000000e+00
0.000000000000000000e+00
0.000000000000000000e+00
0.000000000000000000e+00
0.000000000000000000e+00
0.000000000000000000e+00
0.000000000000000000e+00
0.000000000000000000e+00
0.000000000000000000e+00
0.000000000000000000e+00
0.000000000000000000e+00
0.000000000000000000e+00
0.000000000000000000e+00
0.000000000000000000e+00
0.000000000000000000e+00
0.000000000000000000e+00
0.000000000000000000e+00
0.000000000000000000e+00
0.000000000000000000e+00
0.000000000000000000e+00
0.000000000000000000e+00
0.000000000000000000e+00
0.000000000000000000e+00
0.000000000000000000e+00
0.000000000000000000e+00
0.000000000000000000e+00
0.000000000000000000e+00
0.000000000000000000e+00
0.000000000000000000e+00
0.000000000000000000e+00
0.000000000000000000e+00
0.000000000000000000e+00
0.000000000000000000e+00
0.000000000000000000e+00
0.000000000000000000e+00
0.000000000000000000e+00
0.000000000000000000e+00
0.000000000000000000e+00
0.000000000000000000e+00
0.000000000000000000e+00
0.000000000000000000e+00
0.000000000000000000e+00
0.000000000000000000e+00
0.000000000000000000e+00
0.000000000000000000e+00
0.000000000000000000e+00
0.000000000000000000e+00
0.000000000000000000e+00
0.000000000000000000e+00
0.000000000000000000e+00
0.000000000000000000e+00
0.000000000000000000e+00
0.000000000000000000e+00
0.000000000000000000e+00
0.000000000000000000e+00
0.000000000000000000e+00
0.000000000000000000e+00
0.000000000000000000e+00
0.000000000000000000e+00
0.000000000000000000e+00
0.000000000000000000e+00
0.000000000000000000e+00
0.000000000000000000e+00
0.000000000000000000e+00
0.000000000000000000e+00
0.000000000000000000e+00
0.000000000000000000e+00
0.000000000000000000e+00
0.000000000000000000e+00
0.000000000000000000e+00
0.000000000000000000e+00
0.000000000000000000e+00
0.000000000000000000e+00
0.000000000000000000e+00
0.000000000000000000e+00
